<?xml version="1.0" encoding="UTF-8"?>
<testng-results ignored="0" total="1" passed="1" failed="0" skipped="0">
  <reporter-output>
  </reporter-output>
  <suite started-at="2025-09-22T23:48:41 IST" name="Default suite" finished-at="2025-09-22T23:49:24 IST" duration-ms="42946">
    <groups>
      <group name="cucumber">
        <method signature="AbstractTestNGCucumberTests.runScenario(io.cucumber.testng.PickleWrapper,io.cucumber.testng.FeatureWrapper)[pri:0, instance:runners.TestRunner@757acd7b]" name="runScenario" class="io.cucumber.testng.AbstractTestNGCucumberTests"/>
      </group> <!-- cucumber -->
    </groups>
    <test started-at="2025-09-22T23:48:41 IST" name="Default test" finished-at="2025-09-22T23:49:24 IST" duration-ms="42946">
      <class name="runners.TestRunner">
        <test-method is-config="true" signature="setUpClass(org.testng.ITestContext)[pri:0, instance:runners.TestRunner@757acd7b]" started-at="2025-09-22T23:48:41 IST" name="setUpClass" finished-at="2025-09-22T23:48:42 IST" duration-ms="734" status="PASS">
          <params>
            <param index="0">
              <value>
                <![CDATA[org.testng.TestRunner@84487f4]]>
              </value>
            </param>
          </params>
          <reporter-output>
          </reporter-output>
        </test-method> <!-- setUpClass -->
        <test-method signature="runScenario(io.cucumber.testng.PickleWrapper,io.cucumber.testng.FeatureWrapper)[pri:0, instance:runners.TestRunner@757acd7b]" started-at="2025-09-22T23:48:42 IST" name="runScenario" description="Runs Cucumber Scenarios" data-provider="scenarios" finished-at="2025-09-22T23:49:24 IST" duration-ms="42062" status="PASS">
          <params>
            <param index="0">
              <value>
                <![CDATA["Search and play a video, skip ads, and collect comments"]]>
              </value>
            </param>
            <param index="1">
              <value>
                <![CDATA["YouTube Video Search and Comment Collection"]]>
              </value>
            </param>
          </params>
          <reporter-output>
          </reporter-output>
        </test-method> <!-- runScenario -->
        <test-method is-config="true" signature="tearDownClass()[pri:0, instance:runners.TestRunner@757acd7b]" started-at="2025-09-22T23:49:24 IST" name="tearDownClass" finished-at="2025-09-22T23:49:24 IST" duration-ms="79" status="PASS">
          <reporter-output>
          </reporter-output>
        </test-method> <!-- tearDownClass -->
      </class> <!-- runners.TestRunner -->
    </test> <!-- Default test -->
  </suite> <!-- Default suite -->
</testng-results>
